Analysis & Synthesis report for CHARACTER_LCD
Fri Nov 25 11:33:53 2016
Quartus II Version 10.1 Build 197 01/19/2011 Service Pack 1 SJ Web Edition


---------------------
; Table of Contents ;
---------------------
  1. Legal Notice
  2. Analysis & Synthesis Summary
  3. Analysis & Synthesis Settings
  4. Parallel Compilation
  5. Analysis & Synthesis Source Files Read
  6. Analysis & Synthesis Resource Usage Summary
  7. Analysis & Synthesis Resource Utilization by Entity
  8. State Machine - |Time_LCD|LCD_cont:comb_5|STATE
  9. Registers Removed During Synthesis
 10. General Register Statistics
 11. Multiplexer Restructuring Statistics (Restructuring Performed)
 12. Parameter Settings for User Entity Instance: key_cont:comb_4
 13. Parameter Settings for User Entity Instance: LCD_cont:comb_5
 14. Port Connectivity Checks: "key_cont:comb_4"
 15. Elapsed Time Per Partition
 16. Analysis & Synthesis Messages



----------------
; Legal Notice ;
----------------
Copyright (C) 1991-2011 Altera Corporation
Your use of Altera Corporation's design tools, logic functions 
and other software and tools, and its AMPP partner logic 
functions, and any output files from any of the foregoing 
(including device programming or simulation files), and any 
associated documentation or information are expressly subject 
to the terms and conditions of the Altera Program License 
Subscription Agreement, Altera MegaCore Function License 
Agreement, or other applicable license agreement, including, 
without limitation, that your use is for the sole purpose of 
programming logic devices manufactured by Altera and sold by 
Altera or its authorized distributors.  Please refer to the 
applicable agreement for further details.



+------------------------------------------------------------------------------------+
; Analysis & Synthesis Summary                                                       ;
+------------------------------------+-----------------------------------------------+
; Analysis & Synthesis Status        ; Successful - Fri Nov 25 11:33:53 2016         ;
; Quartus II Version                 ; 10.1 Build 197 01/19/2011 SP 1 SJ Web Edition ;
; Revision Name                      ; CHARACTER_LCD                                 ;
; Top-level Entity Name              ; Time_LCD                                      ;
; Family                             ; Cyclone II                                    ;
; Total logic elements               ; 326                                           ;
;     Total combinational functions  ; 326                                           ;
;     Dedicated logic registers      ; 103                                           ;
; Total registers                    ; 103                                           ;
; Total pins                         ; 13                                            ;
; Total virtual pins                 ; 0                                             ;
; Total memory bits                  ; 0                                             ;
; Embedded Multiplier 9-bit elements ; 0                                             ;
; Total PLLs                         ; 0                                             ;
+------------------------------------+-----------------------------------------------+


+----------------------------------------------------------------------------------------------------------------------+
; Analysis & Synthesis Settings                                                                                        ;
+----------------------------------------------------------------------------+--------------------+--------------------+
; Option                                                                     ; Setting            ; Default Value      ;
+----------------------------------------------------------------------------+--------------------+--------------------+
; Device                                                                     ; EP2C70F672C8       ;                    ;
; Top-level entity name                                                      ; Time_LCD           ; CHARACTER_LCD      ;
; Family name                                                                ; Cyclone II         ; Cyclone IV GX      ;
; Use smart compilation                                                      ; Off                ; Off                ;
; Enable parallel Assembler and TimeQuest Timing Analyzer during compilation ; On                 ; On                 ;
; Enable compact report table                                                ; Off                ; Off                ;
; Restructure Multiplexers                                                   ; Auto               ; Auto               ;
; Create Debugging Nodes for IP Cores                                        ; Off                ; Off                ;
; Preserve fewer node names                                                  ; On                 ; On                 ;
; Disable OpenCore Plus hardware evaluation                                  ; Off                ; Off                ;
; Verilog Version                                                            ; Verilog_2001       ; Verilog_2001       ;
; VHDL Version                                                               ; VHDL_1993          ; VHDL_1993          ;
; State Machine Processing                                                   ; Auto               ; Auto               ;
; Safe State Machine                                                         ; Off                ; Off                ;
; Extract Verilog State Machines                                             ; On                 ; On                 ;
; Extract VHDL State Machines                                                ; On                 ; On                 ;
; Ignore Verilog initial constructs                                          ; Off                ; Off                ;
; Iteration limit for constant Verilog loops                                 ; 5000               ; 5000               ;
; Iteration limit for non-constant Verilog loops                             ; 250                ; 250                ;
; Add Pass-Through Logic to Inferred RAMs                                    ; On                 ; On                 ;
; Parallel Synthesis                                                         ; On                 ; On                 ;
; DSP Block Balancing                                                        ; Auto               ; Auto               ;
; NOT Gate Push-Back                                                         ; On                 ; On                 ;
; Power-Up Don't Care                                                        ; On                 ; On                 ;
; Remove Redundant Logic Cells                                               ; Off                ; Off                ;
; Remove Duplicate Registers                                                 ; On                 ; On                 ;
; Ignore CARRY Buffers                                                       ; Off                ; Off                ;
; Ignore CASCADE Buffers                                                     ; Off                ; Off                ;
; Ignore GLOBAL Buffers                                                      ; Off                ; Off                ;
; Ignore ROW GLOBAL Buffers                                                  ; Off                ; Off                ;
; Ignore LCELL Buffers                                                       ; Off                ; Off                ;
; Ignore SOFT Buffers                                                        ; On                 ; On                 ;
; Limit AHDL Integers to 32 Bits                                             ; Off                ; Off                ;
; Optimization Technique                                                     ; Balanced           ; Balanced           ;
; Carry Chain Length                                                         ; 70                 ; 70                 ;
; Auto Carry Chains                                                          ; On                 ; On                 ;
; Auto Open-Drain Pins                                                       ; On                 ; On                 ;
; Perform WYSIWYG Primitive Resynthesis                                      ; Off                ; Off                ;
; Auto ROM Replacement                                                       ; On                 ; On                 ;
; Auto RAM Replacement                                                       ; On                 ; On                 ;
; Auto Shift Register Replacement                                            ; Auto               ; Auto               ;
; Auto Clock Enable Replacement                                              ; On                 ; On                 ;
; Strict RAM Replacement                                                     ; Off                ; Off                ;
; Allow Synchronous Control Signals                                          ; On                 ; On                 ;
; Force Use of Synchronous Clear Signals                                     ; Off                ; Off                ;
; Auto RAM to Logic Cell Conversion                                          ; Off                ; Off                ;
; Auto Resource Sharing                                                      ; Off                ; Off                ;
; Allow Any RAM Size For Recognition                                         ; Off                ; Off                ;
; Allow Any ROM Size For Recognition                                         ; Off                ; Off                ;
; Allow Any Shift Register Size For Recognition                              ; Off                ; Off                ;
; Use LogicLock Constraints during Resource Balancing                        ; On                 ; On                 ;
; Ignore translate_off and synthesis_off directives                          ; Off                ; Off                ;
; Timing-Driven Synthesis                                                    ; Off                ; Off                ;
; Report Parameter Settings                                                  ; On                 ; On                 ;
; Report Source Assignments                                                  ; On                 ; On                 ;
; Report Connectivity Checks                                                 ; On                 ; On                 ;
; Ignore Maximum Fan-Out Assignments                                         ; Off                ; Off                ;
; Synchronization Register Chain Length                                      ; 2                  ; 2                  ;
; PowerPlay Power Optimization                                               ; Normal compilation ; Normal compilation ;
; HDL message level                                                          ; Level2             ; Level2             ;
; Suppress Register Optimization Related Messages                            ; Off                ; Off                ;
; Number of Removed Registers Reported in Synthesis Report                   ; 5000               ; 5000               ;
; Number of Inverted Registers Reported in Synthesis Report                  ; 100                ; 100                ;
; Clock MUX Protection                                                       ; On                 ; On                 ;
; Auto Gated Clock Conversion                                                ; Off                ; Off                ;
; Block Design Naming                                                        ; Auto               ; Auto               ;
; SDC constraint protection                                                  ; Off                ; Off                ;
; Synthesis Effort                                                           ; Auto               ; Auto               ;
; Shift Register Replacement - Allow Asynchronous Clear Signal               ; On                 ; On                 ;
; Analysis & Synthesis Message Level                                         ; Medium             ; Medium             ;
; Disable Register Merging Across Hierarchies                                ; Auto               ; Auto               ;
; Resource Aware Inference For Block RAM                                     ; On                 ; On                 ;
; Synthesis Seed                                                             ; 1                  ; 1                  ;
+----------------------------------------------------------------------------+--------------------+--------------------+


Parallel compilation was disabled, but you have multiple processors available. Enable parallel compilation to reduce compilation time.
+-------------------------------------+
; Parallel Compilation                ;
+----------------------------+--------+
; Processors                 ; Number ;
+----------------------------+--------+
; Number detected on machine ; 4      ;
; Maximum allowed            ; 1      ;
+----------------------------+--------+


+------------------------------------------------------------------------------------------------------------------------------------------+
; Analysis & Synthesis Source Files Read                                                                                                   ;
+----------------------------------+-----------------+------------------------+------------------------------------------------------------+
; File Name with User-Entered Path ; Used in Netlist ; File Type              ; File Name with Absolute Path                               ;
+----------------------------------+-----------------+------------------------+------------------------------------------------------------+
; RTL/key_cont.v                   ; yes             ; User Verilog HDL File  ; C:/Users/com601/Desktop/char_LCD+time_cal/RTL/key_cont.v   ;
; RTL/Time_cal.v                   ; yes             ; User Verilog HDL File  ; C:/Users/com601/Desktop/char_LCD+time_cal/RTL/Time_cal.v   ;
; RTL/LCD_cont.v                   ; yes             ; User Verilog HDL File  ; C:/Users/com601/Desktop/char_LCD+time_cal/RTL/LCD_cont.v   ;
; RTL/WT_SEP.v                     ; yes             ; User Verilog HDL File  ; C:/Users/com601/Desktop/char_LCD+time_cal/RTL/WT_SEP.v     ;
; RTL/WT_DECODER.v                 ; yes             ; User Verilog HDL File  ; C:/Users/com601/Desktop/char_LCD+time_cal/RTL/WT_DECODER.v ;
; RTL/Time_LCD.v                   ; yes             ; User Verilog HDL File  ; C:/Users/com601/Desktop/char_LCD+time_cal/RTL/Time_LCD.v   ;
+----------------------------------+-----------------+------------------------+------------------------------------------------------------+


+-----------------------------------------------------+
; Analysis & Synthesis Resource Usage Summary         ;
+---------------------------------------------+-------+
; Resource                                    ; Usage ;
+---------------------------------------------+-------+
; Estimated Total logic elements              ; 326   ;
;                                             ;       ;
; Total combinational functions               ; 326   ;
; Logic element usage by number of LUT inputs ;       ;
;     -- 4 input functions                    ; 184   ;
;     -- 3 input functions                    ; 37    ;
;     -- <=2 input functions                  ; 105   ;
;                                             ;       ;
; Logic elements by mode                      ;       ;
;     -- normal mode                          ; 246   ;
;     -- arithmetic mode                      ; 80    ;
;                                             ;       ;
; Total registers                             ; 103   ;
;     -- Dedicated logic registers            ; 103   ;
;     -- I/O registers                        ; 0     ;
;                                             ;       ;
; I/O pins                                    ; 13    ;
; Maximum fan-out node                        ; CLK   ;
; Maximum fan-out                             ; 104   ;
; Total fan-out                               ; 1387  ;
; Average fan-out                             ; 3.14  ;
+---------------------------------------------+-------+


+------------------------------------------------------------------------------------------------------------------------------------------------------------------------------------------------------------+
; Analysis & Synthesis Resource Utilization by Entity                                                                                                                                                        ;
+-------------------------------+-------------------+--------------+-------------+--------------+---------+-----------+------+--------------+-------------------------------------------------+--------------+
; Compilation Hierarchy Node    ; LC Combinationals ; LC Registers ; Memory Bits ; DSP Elements ; DSP 9x9 ; DSP 18x18 ; Pins ; Virtual Pins ; Full Hierarchy Name                             ; Library Name ;
+-------------------------------+-------------------+--------------+-------------+--------------+---------+-----------+------+--------------+-------------------------------------------------+--------------+
; |Time_LCD                     ; 326 (0)           ; 103 (0)      ; 0           ; 0            ; 0       ; 0         ; 13   ; 0            ; |Time_LCD                                       ;              ;
;    |LCD_cont:comb_5|          ; 148 (148)         ; 50 (50)      ; 0           ; 0            ; 0       ; 0         ; 0    ; 0            ; |Time_LCD|LCD_cont:comb_5                       ;              ;
;    |Time_cal:comb_3|          ; 178 (81)          ; 53 (53)      ; 0           ; 0            ; 0       ; 0         ; 0    ; 0            ; |Time_LCD|Time_cal:comb_3                       ;              ;
;       |WT_DECODER:H10_DECODE| ; 6 (6)             ; 0 (0)        ; 0           ; 0            ; 0       ; 0         ; 0    ; 0            ; |Time_LCD|Time_cal:comb_3|WT_DECODER:H10_DECODE ;              ;
;       |WT_DECODER:H1_DECODE|  ; 2 (2)             ; 0 (0)        ; 0           ; 0            ; 0       ; 0         ; 0    ; 0            ; |Time_LCD|Time_cal:comb_3|WT_DECODER:H1_DECODE  ;              ;
;       |WT_DECODER:M10_DECODE| ; 6 (6)             ; 0 (0)        ; 0           ; 0            ; 0       ; 0         ; 0    ; 0            ; |Time_LCD|Time_cal:comb_3|WT_DECODER:M10_DECODE ;              ;
;       |WT_DECODER:M1_DECODE|  ; 2 (2)             ; 0 (0)        ; 0           ; 0            ; 0       ; 0         ; 0    ; 0            ; |Time_LCD|Time_cal:comb_3|WT_DECODER:M1_DECODE  ;              ;
;       |WT_DECODER:S10_DECODE| ; 6 (6)             ; 0 (0)        ; 0           ; 0            ; 0       ; 0         ; 0    ; 0            ; |Time_LCD|Time_cal:comb_3|WT_DECODER:S10_DECODE ;              ;
;       |WT_DECODER:S1_DECODE|  ; 2 (2)             ; 0 (0)        ; 0           ; 0            ; 0       ; 0         ; 0    ; 0            ; |Time_LCD|Time_cal:comb_3|WT_DECODER:S1_DECODE  ;              ;
;       |WT_SEP:H_SEP|          ; 24 (24)           ; 0 (0)        ; 0           ; 0            ; 0       ; 0         ; 0    ; 0            ; |Time_LCD|Time_cal:comb_3|WT_SEP:H_SEP          ;              ;
;       |WT_SEP:M_SEP|          ; 26 (26)           ; 0 (0)        ; 0           ; 0            ; 0       ; 0         ; 0    ; 0            ; |Time_LCD|Time_cal:comb_3|WT_SEP:M_SEP          ;              ;
;       |WT_SEP:S_SEP|          ; 23 (23)           ; 0 (0)        ; 0           ; 0            ; 0       ; 0         ; 0    ; 0            ; |Time_LCD|Time_cal:comb_3|WT_SEP:S_SEP          ;              ;
+-------------------------------+-------------------+--------------+-------------+--------------+---------+-----------+------+--------------+-------------------------------------------------+--------------+
Note: For table entries with two numbers listed, the numbers in parentheses indicate the number of resources of the given type used by the specific entity alone. The numbers listed outside of parentheses indicate the total resources of the given type used by the specific entity and all of its sub-entities in the hierarchy.


Encoding Type:  One-Hot
+-------------------------------------------------------------------------------------------------------------------------------------------------------------+
; State Machine - |Time_LCD|LCD_cont:comb_5|STATE                                                                                                             ;
+--------------------+------------------+---------------+-------------+-------------+-------------------+------------------+--------------------+-------------+
; Name               ; STATE.CLEAR_DISP ; STATE.DELAY_T ; STATE.LINE2 ; STATE.LINE1 ; STATE.DISP_ON_OFF ; STATE.ENTRY_MODE ; STATE.FUNCTION_SET ; STATE.DELAY ;
+--------------------+------------------+---------------+-------------+-------------+-------------------+------------------+--------------------+-------------+
; STATE.DELAY        ; 0                ; 0             ; 0           ; 0           ; 0                 ; 0                ; 0                  ; 0           ;
; STATE.FUNCTION_SET ; 0                ; 0             ; 0           ; 0           ; 0                 ; 0                ; 1                  ; 1           ;
; STATE.ENTRY_MODE   ; 0                ; 0             ; 0           ; 0           ; 0                 ; 1                ; 0                  ; 1           ;
; STATE.DISP_ON_OFF  ; 0                ; 0             ; 0           ; 0           ; 1                 ; 0                ; 0                  ; 1           ;
; STATE.LINE1        ; 0                ; 0             ; 0           ; 1           ; 0                 ; 0                ; 0                  ; 1           ;
; STATE.LINE2        ; 0                ; 0             ; 1           ; 0           ; 0                 ; 0                ; 0                  ; 1           ;
; STATE.DELAY_T      ; 0                ; 1             ; 0           ; 0           ; 0                 ; 0                ; 0                  ; 1           ;
; STATE.CLEAR_DISP   ; 1                ; 0             ; 0           ; 0           ; 0                 ; 0                ; 0                  ; 1           ;
+--------------------+------------------+---------------+-------------+-------------+-------------------+------------------+--------------------+-------------+


+---------------------------------------------------------------------------------+
; Registers Removed During Synthesis                                              ;
+----------------------------------------+----------------------------------------+
; Register name                          ; Reason for Removal                     ;
+----------------------------------------+----------------------------------------+
; LCD_cont:comb_5|BLINK[1..31]           ; Stuck at GND due to stuck port data_in ;
; LCD_cont:comb_5|STATE~10               ; Lost fanout                            ;
; LCD_cont:comb_5|STATE~11               ; Lost fanout                            ;
; LCD_cont:comb_5|STATE~12               ; Lost fanout                            ;
; LCD_cont:comb_5|STATE.CLEAR_DISP       ; Stuck at GND due to stuck port data_in ;
; Total Number of Removed Registers = 35 ;                                        ;
+----------------------------------------+----------------------------------------+


+------------------------------------------------------+
; General Register Statistics                          ;
+----------------------------------------------+-------+
; Statistic                                    ; Value ;
+----------------------------------------------+-------+
; Total registers                              ; 103   ;
; Number of registers using Synchronous Clear  ; 94    ;
; Number of registers using Synchronous Load   ; 1     ;
; Number of registers using Asynchronous Clear ; 0     ;
; Number of registers using Asynchronous Load  ; 0     ;
; Number of registers using Clock Enable       ; 23    ;
; Number of registers using Preset             ; 0     ;
+----------------------------------------------+-------+


+---------------------------------------------------------------------------------------------------------------------------------------------------------------+
; Multiplexer Restructuring Statistics (Restructuring Performed)                                                                                                ;
+--------------------+-----------+---------------+----------------------+------------------------+------------+-------------------------------------------------+
; Multiplexer Inputs ; Bus Width ; Baseline Area ; Area if Restructured ; Saving if Restructured ; Registered ; Example Multiplexer Output                      ;
+--------------------+-----------+---------------+----------------------+------------------------+------------+-------------------------------------------------+
; 3:1                ; 32 bits   ; 64 LEs        ; 32 LEs               ; 32 LEs                 ; Yes        ; |Time_LCD|Time_cal:comb_3|CNT[15]               ;
; 4:1                ; 7 bits    ; 14 LEs        ; 7 LEs                ; 7 LEs                  ; Yes        ; |Time_LCD|Time_cal:comb_3|HOUR[4]               ;
; 4:1                ; 7 bits    ; 14 LEs        ; 7 LEs                ; 7 LEs                  ; Yes        ; |Time_LCD|Time_cal:comb_3|MIN[6]                ;
; 4:1                ; 7 bits    ; 14 LEs        ; 7 LEs                ; 7 LEs                  ; Yes        ; |Time_LCD|Time_cal:comb_3|SEC[0]                ;
; 11:1               ; 32 bits   ; 224 LEs       ; 32 LEs               ; 192 LEs                ; Yes        ; |Time_LCD|LCD_cont:comb_5|CNT[16]               ;
; 7:1                ; 2 bits    ; 8 LEs         ; 8 LEs                ; 0 LEs                  ; No         ; |Time_LCD|Time_cal:comb_3|WT_SEP:H_SEP|SEP_A[1] ;
; 7:1                ; 2 bits    ; 8 LEs         ; 8 LEs                ; 0 LEs                  ; No         ; |Time_LCD|Time_cal:comb_3|WT_SEP:M_SEP|SEP_A[1] ;
; 7:1                ; 2 bits    ; 8 LEs         ; 8 LEs                ; 0 LEs                  ; No         ; |Time_LCD|Time_cal:comb_3|WT_SEP:S_SEP|SEP_A[2] ;
; 10:1               ; 2 bits    ; 12 LEs        ; 12 LEs               ; 0 LEs                  ; No         ; |Time_LCD|Time_cal:comb_3|WT_SEP:H_SEP|SEP_A[0] ;
; 10:1               ; 2 bits    ; 12 LEs        ; 12 LEs               ; 0 LEs                  ; No         ; |Time_LCD|Time_cal:comb_3|WT_SEP:M_SEP|SEP_A[0] ;
; 10:1               ; 2 bits    ; 12 LEs        ; 12 LEs               ; 0 LEs                  ; No         ; |Time_LCD|Time_cal:comb_3|WT_SEP:S_SEP|SEP_A[3] ;
; 11:1               ; 3 bits    ; 21 LEs        ; 6 LEs                ; 15 LEs                 ; No         ; |Time_LCD|LCD_cont:comb_5|STATE                 ;
; 13:1               ; 2 bits    ; 16 LEs        ; 6 LEs                ; 10 LEs                 ; No         ; |Time_LCD|LCD_cont:comb_5|STATE                 ;
+--------------------+-----------+---------------+----------------------+------------------------+------------+-------------------------------------------------+


+--------------------------------------------------------------+
; Parameter Settings for User Entity Instance: key_cont:comb_4 ;
+----------------------+----------+----------------------------+
; Parameter Name       ; Value    ; Type                       ;
+----------------------+----------+----------------------------+
; MENU                 ; 10000000 ; Unsigned Binary            ;
; SET                  ; 01000000 ; Unsigned Binary            ;
; CANCEL               ; 00100000 ; Unsigned Binary            ;
; UP                   ; 00010000 ; Unsigned Binary            ;
; DOWN                 ; 00001000 ; Unsigned Binary            ;
; LIGHT                ; 00000100 ; Unsigned Binary            ;
; CURRENT_TIME         ; 00       ; Unsigned Binary            ;
; CURRENT_CONTROL_TIME ; 01       ; Unsigned Binary            ;
; ALARM_TIME           ; 10       ; Unsigned Binary            ;
; ALARM_CONTROL_TIME   ; 11       ; Unsigned Binary            ;
; CHANGE_CONTROL_STATE ; 000      ; Unsigned Binary            ;
; CHANGE_ALARM_STATE   ; 001      ; Unsigned Binary            ;
; CHANGE_AM            ; 100      ; Unsigned Binary            ;
; CHANGE_PM            ; 101      ; Unsigned Binary            ;
+----------------------+----------+----------------------------+
Note: In order to hide this table in the UI and the text report file, please set the "Show Parameter Settings in Synthesis Report" option in "Analysis and Synthesis Settings -> More Settings" to "Off".


+--------------------------------------------------------------+
; Parameter Settings for User Entity Instance: LCD_cont:comb_5 ;
+----------------+-------+-------------------------------------+
; Parameter Name ; Value ; Type                                ;
+----------------+-------+-------------------------------------+
; DELAY          ; 000   ; Unsigned Binary                     ;
; FUNCTION_SET   ; 001   ; Unsigned Binary                     ;
; ENTRY_MODE     ; 010   ; Unsigned Binary                     ;
; DISP_ON_OFF    ; 011   ; Unsigned Binary                     ;
; LINE1          ; 100   ; Unsigned Binary                     ;
; LINE2          ; 101   ; Unsigned Binary                     ;
; DELAY_T        ; 110   ; Unsigned Binary                     ;
; CLEAR_DISP     ; 111   ; Unsigned Binary                     ;
+----------------+-------+-------------------------------------+
Note: In order to hide this table in the UI and the text report file, please set the "Show Parameter Settings in Synthesis Report" option in "Analysis and Synthesis Settings -> More Settings" to "Off".


+----------------------------------------------------------------------------------------------------------------+
; Port Connectivity Checks: "key_cont:comb_4"                                                                    ;
+------+--------+----------+-------------------------------------------------------------------------------------+
; Port ; Type   ; Severity ; Details                                                                             ;
+------+--------+----------+-------------------------------------------------------------------------------------+
; MODE ; Output ; Info     ; Connected to dangling logic. Logic that only feeds a dangling port will be removed. ;
; FLAG ; Output ; Info     ; Connected to dangling logic. Logic that only feeds a dangling port will be removed. ;
+------+--------+----------+-------------------------------------------------------------------------------------+


+-------------------------------+
; Elapsed Time Per Partition    ;
+----------------+--------------+
; Partition Name ; Elapsed Time ;
+----------------+--------------+
; Top            ; 00:00:03     ;
+----------------+--------------+


+-------------------------------+
; Analysis & Synthesis Messages ;
+-------------------------------+
Info: *******************************************************************
Info: Running Quartus II Analysis & Synthesis
    Info: Version 10.1 Build 197 01/19/2011 Service Pack 1 SJ Web Edition
    Info: Processing started: Fri Nov 25 11:33:49 2016
Info: Command: quartus_map --read_settings_files=on --write_settings_files=off CHARACTER_LCD -c CHARACTER_LCD
Info: Found 1 design units, including 1 entities, in source file rtl/key_cont.v
    Info: Found entity 1: key_cont
Info: Found 1 design units, including 1 entities, in source file rtl/time_cal.v
    Info: Found entity 1: Time_cal
Info: Found 1 design units, including 1 entities, in source file rtl/lcd_cont.v
    Info: Found entity 1: LCD_cont
Info: Found 1 design units, including 1 entities, in source file rtl/wt_sep.v
    Info: Found entity 1: WT_SEP
Info: Found 1 design units, including 1 entities, in source file rtl/wt_decoder.v
    Info: Found entity 1: WT_DECODER
Info: Found 1 design units, including 1 entities, in source file rtl/time_lcd.v
    Info: Found entity 1: Time_LCD
Critical Warning (10846): Verilog HDL Instantiation warning at Time_LCD.v(30): instance has no name
Critical Warning (10846): Verilog HDL Instantiation warning at Time_LCD.v(37): instance has no name
Critical Warning (10846): Verilog HDL Instantiation warning at Time_LCD.v(45): instance has no name
Info: Elaborating entity "Time_LCD" for the top level hierarchy
Info: Elaborating entity "Time_cal" for hierarchy "Time_cal:comb_3"
Warning (10230): Verilog HDL assignment warning at Time_cal.v(50): truncated value with size 32 to match size of target (7)
Warning (10230): Verilog HDL assignment warning at Time_cal.v(67): truncated value with size 32 to match size of target (7)
Warning (10230): Verilog HDL assignment warning at Time_cal.v(84): truncated value with size 32 to match size of target (7)
Info: Elaborating entity "WT_SEP" for hierarchy "Time_cal:comb_3|WT_SEP:S_SEP"
Warning (10230): Verilog HDL assignment warning at WT_SEP.v(28): truncated value with size 32 to match size of target (4)
Warning (10230): Verilog HDL assignment warning at WT_SEP.v(33): truncated value with size 32 to match size of target (4)
Warning (10230): Verilog HDL assignment warning at WT_SEP.v(38): truncated value with size 32 to match size of target (4)
Warning (10230): Verilog HDL assignment warning at WT_SEP.v(43): truncated value with size 32 to match size of target (4)
Warning (10230): Verilog HDL assignment warning at WT_SEP.v(48): truncated value with size 32 to match size of target (4)
Warning (10230): Verilog HDL assignment warning at WT_SEP.v(53): truncated value with size 32 to match size of target (4)
Warning (10230): Verilog HDL assignment warning at WT_SEP.v(58): truncated value with size 32 to match size of target (4)
Warning (10230): Verilog HDL assignment warning at WT_SEP.v(63): truncated value with size 32 to match size of target (4)
Warning (10230): Verilog HDL assignment warning at WT_SEP.v(68): truncated value with size 32 to match size of target (4)
Info: Elaborating entity "WT_DECODER" for hierarchy "Time_cal:comb_3|WT_DECODER:H10_DECODE"
Info: Elaborating entity "key_cont" for hierarchy "key_cont:comb_4"
Warning (10235): Verilog HDL Always Construct warning at key_cont.v(56): variable "MODE_BUFF" is read inside the Always Construct but isn't in the Always Construct's Event Control
Warning (10270): Verilog HDL Case Statement warning at key_cont.v(45): incomplete case statement has no default case item
Info (10264): Verilog HDL Case Statement information at key_cont.v(45): all case item expressions in this case statement are onehot
Warning (10240): Verilog HDL Always Construct warning at key_cont.v(43): inferring latch(es) for variable "FLAG_BUFF", which holds its previous value in one or more paths through the always construct
Info (10041): Inferred latch for "FLAG_BUFF[0]" at key_cont.v(43)
Info (10041): Inferred latch for "FLAG_BUFF[1]" at key_cont.v(43)
Info (10041): Inferred latch for "FLAG_BUFF[2]" at key_cont.v(43)
Info: Elaborating entity "LCD_cont" for hierarchy "LCD_cont:comb_5"
Warning (10762): Verilog HDL Case Statement warning at LCD_cont.v(129): can't check case statement for completeness because the case expression has too many possible states
Warning (10762): Verilog HDL Case Statement warning at LCD_cont.v(235): can't check case statement for completeness because the case expression has too many possible states
Info (10264): Verilog HDL Case Statement information at LCD_cont.v(106): all case item expressions in this case statement are onehot
Info: 3 registers lost all their fanouts during netlist optimizations. The first 3 are displayed below.
    Info: Register "LCD_cont:comb_5|STATE~10" lost all its fanouts during netlist optimizations.
    Info: Register "LCD_cont:comb_5|STATE~11" lost all its fanouts during netlist optimizations.
    Info: Register "LCD_cont:comb_5|STATE~12" lost all its fanouts during netlist optimizations.
Info: Generating hard_block partition "hard_block:auto_generated_inst"
Info: Implemented 339 device resources after synthesis - the final resource count might be different
    Info: Implemented 2 input pins
    Info: Implemented 11 output pins
    Info: Implemented 326 logic cells
Info: Quartus II Analysis & Synthesis was successful. 0 errors, 20 warnings
    Info: Peak virtual memory: 241 megabytes
    Info: Processing ended: Fri Nov 25 11:33:53 2016
    Info: Elapsed time: 00:00:04
    Info: Total CPU time (on all processors): 00:00:04


