Flow report for CHARACTER_LCD
Fri Nov 25 11:33:53 2016
Quartus II Version 10.1 Build 197 01/19/2011 Service Pack 1 SJ Web Edition


---------------------
; Table of Contents ;
---------------------
  1. Legal Notice
  2. Flow Summary
  3. Flow Settings
  4. Flow Non-Default Global Settings
  5. Flow Elapsed Time
  6. Flow OS Summary
  7. Flow Log



----------------
; Legal Notice ;
----------------
Copyright (C) 1991-2011 Altera Corporation
Your use of Altera Corporation's design tools, logic functions 
and other software and tools, and its AMPP partner logic 
functions, and any output files from any of the foregoing 
(including device programming or simulation files), and any 
associated documentation or information are expressly subject 
to the terms and conditions of the Altera Program License 
Subscription Agreement, Altera MegaCore Function License 
Agreement, or other applicable license agreement, including, 
without limitation, that your use is for the sole purpose of 
programming logic devices manufactured by Altera and sold by 
Altera or its authorized distributors.  Please refer to the 
applicable agreement for further details.



+------------------------------------------------------------------------------------+
; Flow Summary                                                                       ;
+------------------------------------+-----------------------------------------------+
; Flow Status                        ; Successful - Fri Nov 25 11:33:53 2016         ;
; Quartus II Version                 ; 10.1 Build 197 01/19/2011 SP 1 SJ Web Edition ;
; Revision Name                      ; CHARACTER_LCD                                 ;
; Top-level Entity Name              ; Time_LCD                                      ;
; Family                             ; Cyclone II                                    ;
; Device                             ; EP2C70F672C8                                  ;
; Timing Models                      ; Final                                         ;
; Total logic elements               ; 326                                           ;
;     Total combinational functions  ; 326                                           ;
;     Dedicated logic registers      ; 103                                           ;
; Total registers                    ; 103                                           ;
; Total pins                         ; 13                                            ;
; Total virtual pins                 ; 0                                             ;
; Total memory bits                  ; 0                                             ;
; Embedded Multiplier 9-bit elements ; 0                                             ;
; Total PLLs                         ; 0                                             ;
+------------------------------------+-----------------------------------------------+


+-----------------------------------------+
; Flow Settings                           ;
+-------------------+---------------------+
; Option            ; Setting             ;
+-------------------+---------------------+
; Start date & time ; 11/25/2016 11:33:50 ;
; Main task         ; Compilation         ;
; Revision Name     ; CHARACTER_LCD       ;
+-------------------+---------------------+


+--------------------------------------------------------------------------------------------------------------------------------------------------+
; Flow Non-Default Global Settings                                                                                                                 ;
+-------------------------------------+-------------------------------------------------------------+---------------+-------------+----------------+
; Assignment Name                     ; Value                                                       ; Default Value ; Entity Name ; Section Id     ;
+-------------------------------------+-------------------------------------------------------------+---------------+-------------+----------------+
; COMPILER_SIGNATURE_ID               ; 273440546945200.148004123001400                             ; --            ; --          ; --             ;
; EDA_OUTPUT_DATA_FORMAT              ; Verilog Hdl                                                 ; --            ; --          ; eda_simulation ;
; EDA_SIMULATION_TOOL                 ; ModelSim-Altera (Verilog)                                   ; <None>        ; --          ; --             ;
; MAX_CORE_JUNCTION_TEMP              ; 85                                                          ; --            ; --          ; --             ;
; MIN_CORE_JUNCTION_TEMP              ; 0                                                           ; --            ; --          ; --             ;
; MISC_FILE                           ; C:/Users/com601/Documents/Projects/CHARACTER_LCD.dpf        ; --            ; --          ; --             ;
; MISC_FILE                           ; C:/Users/com601/Desktop/char_LCD+time_cal/CHARACTER_LCD.dpf ; --            ; --          ; --             ;
; PARTITION_COLOR                     ; 16764057                                                    ; --            ; Time_LCD    ; Top            ;
; PARTITION_FITTER_PRESERVATION_LEVEL ; PLACEMENT_AND_ROUTING                                       ; --            ; Time_LCD    ; Top            ;
; PARTITION_NETLIST_TYPE              ; SOURCE                                                      ; --            ; Time_LCD    ; Top            ;
; PROJECT_OUTPUT_DIRECTORY            ; output_files                                                ; --            ; --          ; --             ;
; TOP_LEVEL_ENTITY                    ; Time_LCD                                                    ; CHARACTER_LCD ; --          ; --             ;
+-------------------------------------+-------------------------------------------------------------+---------------+-------------+----------------+


+--------------------------------------------------------------------------------------------------------------------------+
; Flow Elapsed Time                                                                                                        ;
+----------------------+--------------+-------------------------+---------------------+------------------------------------+
; Module Name          ; Elapsed Time ; Average Processors Used ; Peak Virtual Memory ; Total CPU Time (on all processors) ;
+----------------------+--------------+-------------------------+---------------------+------------------------------------+
; Analysis & Synthesis ; 00:00:04     ; 1.0                     ; 241 MB              ; 00:00:04                           ;
; Total                ; 00:00:04     ; --                      ; --                  ; 00:00:04                           ;
+----------------------+--------------+-------------------------+---------------------+------------------------------------+


+-----------------------------------------------------------------------------------+
; Flow OS Summary                                                                   ;
+----------------------+------------------+-----------+------------+----------------+
; Module Name          ; Machine Hostname ; OS Name   ; OS Version ; Processor type ;
+----------------------+------------------+-----------+------------+----------------+
; Analysis & Synthesis ; com601-PC        ; Windows 7 ; 6.1        ; i686           ;
+----------------------+------------------+-----------+------------+----------------+


------------
; Flow Log ;
------------
quartus_map --read_settings_files=on --write_settings_files=off CHARACTER_LCD -c CHARACTER_LCD



