Flow report for DIGITAL_CLOCK
Wed Nov 30 22:39:54 2016
Quartus II 32-bit Version 13.0.1 Build 232 06/12/2013 Service Pack 1 SJ Web Edition


---------------------
; Table of Contents ;
---------------------
  1. Legal Notice
  2. Flow Summary
  3. Flow Settings
  4. Flow Non-Default Global Settings
  5. Flow Elapsed Time
  6. Flow OS Summary
  7. Flow Log
  8. Flow Messages
  9. Flow Suppressed Messages



----------------
; Legal Notice ;
----------------
Copyright (C) 1991-2013 Altera Corporation
Your use of Altera Corporation's design tools, logic functions 
and other software and tools, and its AMPP partner logic 
functions, and any output files from any of the foregoing 
(including device programming or simulation files), and any 
associated documentation or information are expressly subject 
to the terms and conditions of the Altera Program License 
Subscription Agreement, Altera MegaCore Function License 
Agreement, or other applicable license agreement, including, 
without limitation, that your use is for the sole purpose of 
programming logic devices manufactured by Altera and sold by 
Altera or its authorized distributors.  Please refer to the 
applicable agreement for further details.



+--------------------------------------------------------------------------------------+
; Flow Summary                                                                         ;
+------------------------------------+-------------------------------------------------+
; Flow Status                        ; Successful - Wed Nov 30 22:39:54 2016           ;
; Quartus II 32-bit Version          ; 13.0.1 Build 232 06/12/2013 SP 1 SJ Web Edition ;
; Revision Name                      ; DIGITAL_CLOCK                                   ;
; Top-level Entity Name              ; DIGITAL_CLOCK                                   ;
; Family                             ; Cyclone II                                      ;
; Device                             ; EP2C70F672C8                                    ;
; Timing Models                      ; Final                                           ;
; Total logic elements               ; 1,579 / 68,416 ( 2 % )                          ;
;     Total combinational functions  ; 1,563 / 68,416 ( 2 % )                          ;
;     Dedicated logic registers      ; 546 / 68,416 ( < 1 % )                          ;
; Total registers                    ; 546                                             ;
; Total pins                         ; 19 / 422 ( 5 % )                                ;
; Total virtual pins                 ; 0                                               ;
; Total memory bits                  ; 0 / 1,152,000 ( 0 % )                           ;
; Embedded Multiplier 9-bit elements ; 0 / 300 ( 0 % )                                 ;
; Total PLLs                         ; 0 / 4 ( 0 % )                                   ;
+------------------------------------+-------------------------------------------------+


+-----------------------------------------+
; Flow Settings                           ;
+-------------------+---------------------+
; Option            ; Setting             ;
+-------------------+---------------------+
; Start date & time ; 11/30/2016 22:39:06 ;
; Main task         ; Compilation         ;
; Revision Name     ; DIGITAL_CLOCK       ;
+-------------------+---------------------+


+-------------------------------------------------------------------------------------------------------------------+
; Flow Non-Default Global Settings                                                                                  ;
+-------------------------------------+------------------------------+---------------+-------------+----------------+
; Assignment Name                     ; Value                        ; Default Value ; Entity Name ; Section Id     ;
+-------------------------------------+------------------------------+---------------+-------------+----------------+
; COMPILER_SIGNATURE_ID               ; 741336571215.148051314605788 ; --            ; --          ; --             ;
; EDA_OUTPUT_DATA_FORMAT              ; Verilog Hdl                  ; --            ; --          ; eda_simulation ;
; EDA_SIMULATION_TOOL                 ; ModelSim-Altera (Verilog)    ; <None>        ; --          ; --             ;
; MAX_CORE_JUNCTION_TEMP              ; 85                           ; --            ; --          ; --             ;
; MIN_CORE_JUNCTION_TEMP              ; 0                            ; --            ; --          ; --             ;
; PARTITION_COLOR                     ; 16764057                     ; --            ; --          ; Top            ;
; PARTITION_FITTER_PRESERVATION_LEVEL ; PLACEMENT_AND_ROUTING        ; --            ; --          ; Top            ;
; PARTITION_NETLIST_TYPE              ; SOURCE                       ; --            ; --          ; Top            ;
; PROJECT_OUTPUT_DIRECTORY            ; output_files                 ; --            ; --          ; --             ;
+-------------------------------------+------------------------------+---------------+-------------+----------------+


+-------------------------------------------------------------------------------------------------------------------------------+
; Flow Elapsed Time                                                                                                             ;
+---------------------------+--------------+-------------------------+---------------------+------------------------------------+
; Module Name               ; Elapsed Time ; Average Processors Used ; Peak Virtual Memory ; Total CPU Time (on all processors) ;
+---------------------------+--------------+-------------------------+---------------------+------------------------------------+
; Analysis & Synthesis      ; 00:00:12     ; 1.0                     ; 339 MB              ; 00:00:12                           ;
; Fitter                    ; 00:00:21     ; 1.0                     ; 574 MB              ; 00:00:21                           ;
; Assembler                 ; 00:00:05     ; 1.0                     ; 358 MB              ; 00:00:05                           ;
; TimeQuest Timing Analyzer ; 00:00:02     ; 1.0                     ; 317 MB              ; 00:00:01                           ;
; EDA Netlist Writer        ; 00:00:02     ; 1.0                     ; 317 MB              ; 00:00:02                           ;
; Total                     ; 00:00:42     ; --                      ; --                  ; 00:00:41                           ;
+---------------------------+--------------+-------------------------+---------------------+------------------------------------+


+----------------------------------------------------------------------------------------+
; Flow OS Summary                                                                        ;
+---------------------------+------------------+-----------+------------+----------------+
; Module Name               ; Machine Hostname ; OS Name   ; OS Version ; Processor type ;
+---------------------------+------------------+-----------+------------+----------------+
; Analysis & Synthesis      ; JJM-PC           ; Windows 7 ; 6.1        ; i686           ;
; Fitter                    ; JJM-PC           ; Windows 7 ; 6.1        ; i686           ;
; Assembler                 ; JJM-PC           ; Windows 7 ; 6.1        ; i686           ;
; TimeQuest Timing Analyzer ; JJM-PC           ; Windows 7 ; 6.1        ; i686           ;
; EDA Netlist Writer        ; JJM-PC           ; Windows 7 ; 6.1        ; i686           ;
+---------------------------+------------------+-----------+------------+----------------+


------------
; Flow Log ;
------------
quartus_map --read_settings_files=on --write_settings_files=off DIGITAL_CLOCK -c DIGITAL_CLOCK
quartus_fit --read_settings_files=off --write_settings_files=off DIGITAL_CLOCK -c DIGITAL_CLOCK
quartus_asm --read_settings_files=off --write_settings_files=off DIGITAL_CLOCK -c DIGITAL_CLOCK
quartus_sta DIGITAL_CLOCK -c DIGITAL_CLOCK
quartus_eda --read_settings_files=off --write_settings_files=off DIGITAL_CLOCK -c DIGITAL_CLOCK



